<?xml version="1.0" encoding="UTF-8"?>
<!-- Generated by org.testng.reporters.JUnitXMLReporter -->
<testsuite hostname="FNBU48F32G2" name="testngTest" tests="4" failures="4" timestamp="19 Mar 2021 07:28:31 GMT" time="273.155" errors="0">
  <testcase name="runScenario" time="41.583" classname="com_automation.Runnner.Runnner">
    <failure type="org.openqa.selenium.WebDriverException" message="An unknown server-side error occurred while processing the command. Original error: Cannot get screenshot data because of &amp;apos;The size of the taken screenshot equals to zero.&amp;apos;. Make sure the &amp;apos;LayoutParams.FLAG_SECURE&amp;apos; is not set for the current view
Build info: version: &amp;apos;3.141.59&amp;apos;, revision: &amp;apos;e82be7d358&amp;apos;, time: &amp;apos;2018-11-14T08:17:03&amp;apos;
System info: host: &amp;apos;FNBU48F32G2&amp;apos;, ip: &amp;apos;192.168.8.124&amp;apos;, os.name: &amp;apos;Windows 10&amp;apos;, os.arch: &amp;apos;amd64&amp;apos;, os.version: &amp;apos;10.0&amp;apos;, java.version: &amp;apos;1.8.0_261&amp;apos;
Driver info: io.appium.java_client.android.AndroidDriver
Capabilities {appActivity: za.co.fnb.connect.itt.gui.Z..., appPackage: za.co.fnb.connect.itt, databaseEnabled: false, desired: {appActivity: za.co.fnb.connect.itt.gui.Z..., appPackage: za.co.fnb.connect.itt, deviceName: HUAWEIY560-L01, noReset: true, platformName: android, platformVersion: 5.1.1, udid: Q6VBBBB5C1702948}, deviceManufacturer: HUAWEI, deviceModel: HUAWEI Y560-L01, deviceName: Q6VBBBB5C1702948, deviceScreenSize: 480x854, deviceUDID: Q6VBBBB5C1702948, javascriptEnabled: true, locationContextEnabled: false, networkConnectionEnabled: true, noReset: true, platform: LINUX, platformName: Android, platformVersion: 5.1.1, takesScreenshot: true, udid: Q6VBBBB5C1702948, warnings: {}, webStorageEnabled: false}
Session ID: 57a91e00-86cf-44cc-8617-1a71cfaba95f">
      <![CDATA[org.openqa.selenium.WebDriverException: An unknown server-side error occurred while processing the command. Original error: Cannot get screenshot data because of 'The size of the taken screenshot equals to zero.'. Make sure the 'LayoutParams.FLAG_SECURE' is not set for the current view
Build info: version: '3.141.59', revision: 'e82be7d358', time: '2018-11-14T08:17:03'
System info: host: 'FNBU48F32G2', ip: '192.168.8.124', os.name: 'Windows 10', os.arch: 'amd64', os.version: '10.0', java.version: '1.8.0_261'
Driver info: io.appium.java_client.android.AndroidDriver
Capabilities {appActivity: za.co.fnb.connect.itt.gui.Z..., appPackage: za.co.fnb.connect.itt, databaseEnabled: false, desired: {appActivity: za.co.fnb.connect.itt.gui.Z..., appPackage: za.co.fnb.connect.itt, deviceName: HUAWEIY560-L01, noReset: true, platformName: android, platformVersion: 5.1.1, udid: Q6VBBBB5C1702948}, deviceManufacturer: HUAWEI, deviceModel: HUAWEI Y560-L01, deviceName: Q6VBBBB5C1702948, deviceScreenSize: 480x854, deviceUDID: Q6VBBBB5C1702948, javascriptEnabled: true, locationContextEnabled: false, networkConnectionEnabled: true, noReset: true, platform: LINUX, platformName: Android, platformVersion: 5.1.1, takesScreenshot: true, udid: Q6VBBBB5C1702948, warnings: {}, webStorageEnabled: false}
Session ID: 57a91e00-86cf-44cc-8617-1a71cfaba95f
	at org.openqa.selenium.remote.http.W3CHttpResponseCodec.createException(W3CHttpResponseCodec.java:187)
	at org.openqa.selenium.remote.http.W3CHttpResponseCodec.decode(W3CHttpResponseCodec.java:122)
	at org.openqa.selenium.remote.http.W3CHttpResponseCodec.decode(W3CHttpResponseCodec.java:49)
	at org.openqa.selenium.remote.HttpCommandExecutor.execute(HttpCommandExecutor.java:158)
	at io.appium.java_client.remote.AppiumCommandExecutor.execute(AppiumCommandExecutor.java:239)
	at org.openqa.selenium.remote.RemoteWebDriver.execute(RemoteWebDriver.java:552)
	at io.appium.java_client.DefaultGenericMobileDriver.execute(DefaultGenericMobileDriver.java:45)
	at io.appium.java_client.AppiumDriver.execute(AppiumDriver.java:1)
	at io.appium.java_client.android.AndroidDriver.execute(AndroidDriver.java:1)
	at org.openqa.selenium.remote.RemoteWebDriver.getScreenshotAs(RemoteWebDriver.java:295)
	at com_automation.Config.Take_Screenshot.Capture(Take_Screenshot.java:16)
	at com_automation.Steps_Defination.Login_Steps.the_user_is_on_login_screen(Login_Steps.java:46)
	at ✽.The user is on login screen(file:///C:/Users/f5208882/com.automation.cucumber_Framework/src/test/java/com_automation/Features/Invalid_Credentials.feature:3)
... Removed 4 stack frames]]>
    </failure>
  </testcase> <!-- runScenario -->
  <testcase name="runScenario" time="76.42" classname="com_automation.Runnner.Runnner">
    <failure type="java.lang.NullPointerException">
      <![CDATA[java.lang.NullPointerException
	at com_automation.Methods.Mobile.Login_Methods.go_To_Login(Login_Methods.java:8)
	at com_automation.Steps_Defination.Login_Steps.the_user_is_on_login_screen(Login_Steps.java:45)
	at ✽.The user is on login screen(file:///C:/Users/f5208882/com.automation.cucumber_Framework/src/test/java/com_automation/Features/Login.feature:3)
]]>
    </failure>
  </testcase> <!-- runScenario -->
  <testcase name="runScenario" time="76.458" classname="com_automation.Runnner.Runnner">
    <failure type="java.lang.NullPointerException">
      <![CDATA[java.lang.NullPointerException
	at com_automation.Methods.Mobile.Login_Methods.go_To_Login(Login_Methods.java:8)
	at com_automation.Steps_Defination.Login_Steps.the_user_is_on_login_screen(Login_Steps.java:45)
	at ✽.The user is on login screen(file:///C:/Users/f5208882/com.automation.cucumber_Framework/src/test/java/com_automation/Features/Login.feature:3)
]]>
    </failure>
  </testcase> <!-- runScenario -->
  <testcase name="runScenario" time="76.392" classname="com_automation.Runnner.Runnner">
    <failure type="java.lang.NullPointerException">
      <![CDATA[java.lang.NullPointerException
	at com_automation.Methods.Mobile.Login_Methods.go_To_Login(Login_Methods.java:8)
	at com_automation.Steps_Defination.Login_Steps.the_user_is_on_login_screen(Login_Steps.java:45)
	at ✽.The user is on login screen(file:///C:/Users/f5208882/com.automation.cucumber_Framework/src/test/java/com_automation/Features/Login.feature:13)
]]>
    </failure>
  </testcase> <!-- runScenario -->
</testsuite> <!-- testngTest -->
