<?xml version="1.0" encoding="UTF-8"?>
<testsuite xmlns:xsi="http://www.w3.org/2001/XMLSchema-instance" xsi:noNamespaceSchemaLocation="https://maven.apache.org/surefire/maven-surefire-plugin/xsd/surefire-test-report-3.0.xsd" version="3.0" name="TestSuite" time="274.2" tests="4" errors="0" skipped="0" failures="4">
  <properties>
[...]
</properties>
  <testcase name="runScenario[&quot;As an app Administrator, I want the app to throw an error when a user has captured incorrect password.&quot;, &quot;Optional[Requirement_1: Login]&quot;](1)" classname="com_automation.Runnner.Runnner" time="41.879">
    <failure message="An unknown server-side error occurred while processing the command. Original error: Cannot get screenshot data because of &apos;The size of the taken screenshot equals to zero.&apos;. Make sure the &apos;LayoutParams.FLAG_SECURE&apos; is not set for the current view&#10;Build info: version: &apos;3.141.59&apos;, revision: &apos;e82be7d358&apos;, time: &apos;2018-11-14T08:17:03&apos;&#10;System info: host: &apos;FNBU48F32G2&apos;, ip: &apos;192.168.8.124&apos;, os.name: &apos;Windows 10&apos;, os.arch: &apos;amd64&apos;, os.version: &apos;10.0&apos;, java.version: &apos;1.8.0_261&apos;&#10;Driver info: io.appium.java_client.android.AndroidDriver&#10;Capabilities {appActivity: za.co.fnb.connect.itt.gui.Z..., appPackage: za.co.fnb.connect.itt, databaseEnabled: false, desired: {appActivity: za.co.fnb.connect.itt.gui.Z..., appPackage: za.co.fnb.connect.itt, deviceName: HUAWEIY560-L01, noReset: true, platformName: android, platformVersion: 5.1.1, udid: Q6VBBBB5C1702948}, deviceManufacturer: HUAWEI, deviceModel: HUAWEI Y560-L01, deviceName: Q6VBBBB5C1702948, deviceScreenSize: 480x854, deviceUDID: Q6VBBBB5C1702948, javascriptEnabled: true, locationContextEnabled: false, networkConnectionEnabled: true, noReset: true, platform: LINUX, platformName: Android, platformVersion: 5.1.1, takesScreenshot: true, udid: Q6VBBBB5C1702948, warnings: {}, webStorageEnabled: false}&#10;Session ID: 57a91e00-86cf-44cc-8617-1a71cfaba95f" type="org.openqa.selenium.WebDriverException"><![CDATA[org.openqa.selenium.WebDriverException: 
An unknown server-side error occurred while processing the command. Original error: Cannot get screenshot data because of 'The size of the taken screenshot equals to zero.'. Make sure the 'LayoutParams.FLAG_SECURE' is not set for the current view
Build info: version: '3.141.59', revision: 'e82be7d358', time: '2018-11-14T08:17:03'
System info: host: 'FNBU48F32G2', ip: '192.168.8.124', os.name: 'Windows 10', os.arch: 'amd64', os.version: '10.0', java.version: '1.8.0_261'
Driver info: io.appium.java_client.android.AndroidDriver
Capabilities {appActivity: za.co.fnb.connect.itt.gui.Z..., appPackage: za.co.fnb.connect.itt, databaseEnabled: false, desired: {appActivity: za.co.fnb.connect.itt.gui.Z..., appPackage: za.co.fnb.connect.itt, deviceName: HUAWEIY560-L01, noReset: true, platformName: android, platformVersion: 5.1.1, udid: Q6VBBBB5C1702948}, deviceManufacturer: HUAWEI, deviceModel: HUAWEI Y560-L01, deviceName: Q6VBBBB5C1702948, deviceScreenSize: 480x854, deviceUDID: Q6VBBBB5C1702948, javascriptEnabled: true, locationContextEnabled: false, networkConnectionEnabled: true, noReset: true, platform: LINUX, platformName: Android, platformVersion: 5.1.1, takesScreenshot: true, udid: Q6VBBBB5C1702948, warnings: {}, webStorageEnabled: false}
Session ID: 57a91e00-86cf-44cc-8617-1a71cfaba95f
]]></failure>
    <system-out><![CDATA[Test execution started

Scenario Outline: As an app Administrator, I want the app to throw an error when a user has captured incorrect password. # src/test/java/com_automation/Features/Invalid_Credentials.feature:9
Element is displayed
Element is displayed
  Given The user is on login screen                                                                                      # com_automation.Steps_Defination.Login_Steps.the_user_is_on_login_screen()
      org.openqa.selenium.WebDriverException: An unknown server-side error occurred while processing the command. Original error: Cannot get screenshot data because of 'The size of the taken screenshot equals to zero.'. Make sure the 'LayoutParams.FLAG_SECURE' is not set for the current view
Build info: version: '3.141.59', revision: 'e82be7d358', time: '2018-11-14T08:17:03'
System info: host: 'FNBU48F32G2', ip: '192.168.8.124', os.name: 'Windows 10', os.arch: 'amd64', os.version: '10.0', java.version: '1.8.0_261'
Driver info: io.appium.java_client.android.AndroidDriver
Capabilities {appActivity: za.co.fnb.connect.itt.gui.Z..., appPackage: za.co.fnb.connect.itt, databaseEnabled: false, desired: {appActivity: za.co.fnb.connect.itt.gui.Z..., appPackage: za.co.fnb.connect.itt, deviceName: HUAWEIY560-L01, noReset: true, platformName: android, platformVersion: 5.1.1, udid: Q6VBBBB5C1702948}, deviceManufacturer: HUAWEI, deviceModel: HUAWEI Y560-L01, deviceName: Q6VBBBB5C1702948, deviceScreenSize: 480x854, deviceUDID: Q6VBBBB5C1702948, javascriptEnabled: true, locationContextEnabled: false, networkConnectionEnabled: true, noReset: true, platform: LINUX, platformName: Android, platformVersion: 5.1.1, takesScreenshot: true, udid: Q6VBBBB5C1702948, warnings: {}, webStorageEnabled: false}
Session ID: 57a91e00-86cf-44cc-8617-1a71cfaba95f
	at sun.reflect.NativeConstructorAccessorImpl.newInstance0(Native Method)
	at sun.reflect.NativeConstructorAccessorImpl.newInstance(NativeConstructorAccessorImpl.java:62)
	at sun.reflect.DelegatingConstructorAccessorImpl.newInstance(DelegatingConstructorAccessorImpl.java:45)
	at java.lang.reflect.Constructor.newInstance(Constructor.java:423)
	at org.openqa.selenium.remote.http.W3CHttpResponseCodec.createException(W3CHttpResponseCodec.java:187)
	at org.openqa.selenium.remote.http.W3CHttpResponseCodec.decode(W3CHttpResponseCodec.java:122)
	at org.openqa.selenium.remote.http.W3CHttpResponseCodec.decode(W3CHttpResponseCodec.java:49)
	at org.openqa.selenium.remote.HttpCommandExecutor.execute(HttpCommandExecutor.java:158)
	at io.appium.java_client.remote.AppiumCommandExecutor.execute(AppiumCommandExecutor.java:239)
	at org.openqa.selenium.remote.RemoteWebDriver.execute(RemoteWebDriver.java:552)
	at io.appium.java_client.DefaultGenericMobileDriver.execute(DefaultGenericMobileDriver.java:45)
	at io.appium.java_client.AppiumDriver.execute(AppiumDriver.java:1)
	at io.appium.java_client.android.AndroidDriver.execute(AndroidDriver.java:1)
	at org.openqa.selenium.remote.RemoteWebDriver.getScreenshotAs(RemoteWebDriver.java:295)
	at com_automation.Config.Take_Screenshot.Capture(Take_Screenshot.java:16)
	at com_automation.Steps_Defination.Login_Steps.the_user_is_on_login_screen(Login_Steps.java:46)
	at âœ½.The user is on login screen(file:///C:/Users/f5208882/com.automation.cucumber_Framework/src/test/java/com_automation/Features/Invalid_Credentials.feature:3)

  When The user enters incorrect login password: "as123"                                                                 # com_automation.Steps_Defination.Login_Steps.theUserEntersIncorrectLoginPassword(java.lang.String)
  When The user clicks the login button                                                                                  # com_automation.Steps_Defination.Login_Steps.the_user_clicks_the_login_button()
  Then Verify if the app is throwing the error: "LOGIN ERROR"                                                            # com_automation.Steps_Defination.Login_Steps.verify_if_the_app_is_throwing_the_error(java.lang.String)
]]></system-out>
    <system-err><![CDATA[log4j:WARN No appenders could be found for logger (com_automation.Config.Log).
log4j:WARN Please initialize the log4j system properly.
Mar 19, 2021 9:24:17 AM io.appium.java_client.remote.AppiumCommandExecutor$1 lambda$0
INFO: Detected dialect: W3C
]]></system-err>
  </testcase>
  <testcase name="runScenario[&quot;As an App user, I want be able to log into the app successfully when I provided correct credentials.&quot;, &quot;Optional[Requirement_1: Login]&quot;](2)" classname="com_automation.Runnner.Runnner" time="76.21">
    <failure type="java.lang.NullPointerException"><![CDATA[java.lang.NullPointerException
]]></failure>
    <system-out><![CDATA[
Scenario Outline: As an App user, I want be able to log into the app successfully when I provided correct credentials. # src/test/java/com_automation/Features/Login.feature:9
Element is not displayed
Element is not displayed
Element is not displayed
Element is not displayed
Element is not displayed
  Given The user is on login screen                                                                                    # com_automation.Steps_Defination.Login_Steps.the_user_is_on_login_screen()
      java.lang.NullPointerException
	at com_automation.Methods.Mobile.Login_Methods.go_To_Login(Login_Methods.java:8)
	at com_automation.Steps_Defination.Login_Steps.the_user_is_on_login_screen(Login_Steps.java:45)
	at âœ½.The user is on login screen(file:///C:/Users/f5208882/com.automation.cucumber_Framework/src/test/java/com_automation/Features/Login.feature:3)

  When The user enters correct login details: "asdfgh"                                                                 # com_automation.Steps_Defination.Login_Steps.the_user_enters_correct_login_details(java.lang.String)
  When The user clicks the login button                                                                                # com_automation.Steps_Defination.Login_Steps.the_user_clicks_the_login_button()
  Then Verify if the user has logged in successful                                                                     # com_automation.Steps_Defination.Login_Steps.verify_if_the_user_has_logged_in_successful()
]]></system-out>
  </testcase>
  <testcase name="runScenario[&quot;As an App user, I want be able to log into the app successfully when I provided correct credentials.&quot;, &quot;Optional[Requirement_1: Login]&quot;](3)" classname="com_automation.Runnner.Runnner" time="76.45">
    <failure type="java.lang.NullPointerException"><![CDATA[java.lang.NullPointerException
]]></failure>
    <system-out><![CDATA[
Scenario Outline: As an App user, I want be able to log into the app successfully when I provided correct credentials. # src/test/java/com_automation/Features/Login.feature:10
Element is not displayed
Element is not displayed
Element is not displayed
Element is not displayed
Element is not displayed
  Given The user is on login screen                                                                                    # com_automation.Steps_Defination.Login_Steps.the_user_is_on_login_screen()
      java.lang.NullPointerException
	at com_automation.Methods.Mobile.Login_Methods.go_To_Login(Login_Methods.java:8)
	at com_automation.Steps_Defination.Login_Steps.the_user_is_on_login_screen(Login_Steps.java:45)
	at âœ½.The user is on login screen(file:///C:/Users/f5208882/com.automation.cucumber_Framework/src/test/java/com_automation/Features/Login.feature:3)

  When The user enters correct login details: "asdfgh"                                                                 # com_automation.Steps_Defination.Login_Steps.the_user_enters_correct_login_details(java.lang.String)
  When The user clicks the login button                                                                                # com_automation.Steps_Defination.Login_Steps.the_user_clicks_the_login_button()
  Then Verify if the user has logged in successful                                                                     # com_automation.Steps_Defination.Login_Steps.verify_if_the_user_has_logged_in_successful()
]]></system-out>
  </testcase>
  <testcase name="runScenario[&quot;As an app Administrator, I want the app to throw an error when a user has captured incorrect password.&quot;, &quot;Optional[Requirement_1: Login]&quot;](4)" classname="com_automation.Runnner.Runnner" time="76.386">
    <failure type="java.lang.NullPointerException"><![CDATA[java.lang.NullPointerException
]]></failure>
    <system-out><![CDATA[
Scenario Outline: As an app Administrator, I want the app to throw an error when a user has captured incorrect password. # src/test/java/com_automation/Features/Login.feature:19
Element is not displayed
Element is not displayed
Element is not displayed
Element is not displayed
Element is not displayed
  Given The user is on login screen                                                                                      # com_automation.Steps_Defination.Login_Steps.the_user_is_on_login_screen()
      java.lang.NullPointerException
	at com_automation.Methods.Mobile.Login_Methods.go_To_Login(Login_Methods.java:8)
	at com_automation.Steps_Defination.Login_Steps.the_user_is_on_login_screen(Login_Steps.java:45)
	at âœ½.The user is on login screen(file:///C:/Users/f5208882/com.automation.cucumber_Framework/src/test/java/com_automation/Features/Login.feature:13)

  When The user enters incorrect login password: "as123"                                                                 # com_automation.Steps_Defination.Login_Steps.theUserEntersIncorrectLoginPassword(java.lang.String)
  When The user clicks the login button                                                                                  # com_automation.Steps_Defination.Login_Steps.the_user_clicks_the_login_button()
  Then Verify if the app is throwing the error: "LOGIN ERROR"                                                            # com_automation.Steps_Defination.Login_Steps.verify_if_the_app_is_throwing_the_error(java.lang.String)
]]></system-out>
  </testcase>
</testsuite>